Building DAG of jobs...
Your conda installation is not configured to use strict channel priorities. This is however crucial for having robust and correct environments (for details, see https://conda-forge.org/docs/user/tipsandtricks.html). Please consider to configure strict priorities by executing 'conda config --set channel_priority strict'.
Using shell: /usr/bin/bash
Provided cores: 16
Rules claiming more threads will be scaled down.
Job stats:
job                                count
-------------------------------  -------
all                                    1
genes_filter_gencode                   2
genes_make_exons                       2
genes_make_genes                       2
genes_make_proms                       2
genes_make_transcripts                 2
genes_make_tss                         2
setup_download_chromesome_sizes        1
setup_download_gencode                 1
setup_parse_gencode                    2
total                                 17

Select jobs to execute...

[Wed Dec 27 11:16:20 2023]
Job 14: 
        Downloads chromosome sizes for BedTools commands
        
Reason: Missing output files: resources/gencode/hg19/hg19.fa.sizes


[Wed Dec 27 11:16:20 2023]
Job 3: 
        Parses gtf formatted raw gencode download. Notes:
        - Formats to BED
        - Strips gene versions
        Columns are:
        "seqname","start","end","gene_id","score", "strand","gene_name","gene_type", "transcript_id"
        
Reason: Missing output files: results/gencode/hg38/gencode.hg38.basic.annotation.gtf.parsed.tsv

[Wed Dec 27 11:16:20 2023]
Job 8: 
        Downloads gencode basic build based off of input assembly
        
Reason: Missing output files: resources/gencode/hg19/gencode.hg19.basic.annotation.gtf.gz

Activating conda environment: ../../../../../../../../../../../../../home/tubbsca/snakemake_condas/47260b91f283d546c72439ee43e92cd9_
[Wed Dec 27 11:16:21 2023]
Finished job 14.
1 of 17 steps (6%) done
Activating conda environment: ../../../../../../../../../../../../../home/tubbsca/snakemake_condas/47260b91f283d546c72439ee43e92cd9_
[Wed Dec 27 11:17:27 2023]
Finished job 8.
2 of 17 steps (12%) done
Select jobs to execute...

[Wed Dec 27 11:17:27 2023]
Job 7: 
        Parses gtf formatted raw gencode download. Notes:
        - Formats to BED
        - Strips gene versions
        Columns are:
        "seqname","start","end","gene_id","score", "strand","gene_name","gene_type", "transcript_id"
        
Reason: Missing output files: results/gencode/hg19/gencode.hg19.basic.annotation.gtf.parsed.tsv; Input files updated by another job: resources/gencode/hg19/gencode.hg19.basic.annotation.gtf.gz

Activating conda environment: ../../../../../../../../../../../../../home/tubbsca/snakemake_condas/47260b91f283d546c72439ee43e92cd9_
Activating conda environment: ../../../../../../../../../../../../../home/tubbsca/snakemake_condas/47260b91f283d546c72439ee43e92cd9_
[Wed Dec 27 11:18:25 2023]
Finished job 3.
3 of 17 steps (18%) done
Select jobs to execute...

[Wed Dec 27 11:18:25 2023]
Job 2: 
        Subsets Gencode to protein-coding features and filters mitochondrial
        
Reason: Missing output files: results/gencode/hg38/gencode.hg38_protein_coding.no_chrM.bed; Input files updated by another job: results/gencode/hg38/gencode.hg38.basic.annotation.gtf.parsed.tsv

Activating conda environment: ../../../../../../../../../../../../../home/tubbsca/snakemake_condas/47260b91f283d546c72439ee43e92cd9_
[Wed Dec 27 11:18:39 2023]
Finished job 2.
4 of 17 steps (24%) done
Select jobs to execute...

[Wed Dec 27 11:18:39 2023]
Job 9: 
        Makes exons
        
Reason: Missing output files: results/gencode/hg38/gencode.hg38.exons.protein_coding.bed; Input files updated by another job: results/gencode/hg38/gencode.hg38_protein_coding.no_chrM.bed


Activating conda environment: ../../../../../../../../../../../../../home/tubbsca/snakemake_condas/47260b91f283d546c72439ee43e92cd9_
[Wed Dec 27 11:18:39 2023]
Job 17: 
        Makes transcripts fileset. Prints trasncript name instead of gene in name field.
        
Reason: Missing output files: results/gencode/hg38/gencode.hg38.transcripts.protein_coding.bed; Input files updated by another job: results/gencode/hg38/gencode.hg38_protein_coding.no_chrM.bed; Code has changed since last execution


[Wed Dec 27 11:18:39 2023]
Activating conda environment: ../../../../../../../../../../../../../home/tubbsca/snakemake_condas/47260b91f283d546c72439ee43e92cd9_
Job 1: 
        Makes genes
        
Reason: Missing output files: results/gencode/hg38/gencode.hg38.genes.protein_coding.bed; Input files updated by another job: results/gencode/hg38/gencode.hg38_protein_coding.no_chrM.bed

Activating conda environment: ../../../../../../../../../../../../../home/tubbsca/snakemake_condas/47260b91f283d546c72439ee43e92cd9_
[Wed Dec 27 11:18:49 2023]
Finished job 17.
5 of 17 steps (29%) done
[Wed Dec 27 11:18:49 2023]
Finished job 1.
6 of 17 steps (35%) done
Select jobs to execute...

[Wed Dec 27 11:18:49 2023]
Job 15: 
        Makes TSS
        
Reason: Missing output files: results/gencode/hg38/gencode.hg38.tss.protein_coding.bed; Input files updated by another job: results/gencode/hg38/gencode.hg38.genes.protein_coding.bed


Activating conda environment: ../../../../../../../../../../../../../home/tubbsca/snakemake_condas/47260b91f283d546c72439ee43e92cd9_
[Wed Dec 27 11:18:49 2023]
Job 11: 
        Makes promoters
        
Reason: Missing output files: results/gencode/hg38/gencode.hg38.proms.protein_coding.bed; Input files updated by another job: results/gencode/hg38/gencode.hg38.genes.protein_coding.bed

Activating conda environment: ../../../../../../../../../../../../../home/tubbsca/snakemake_condas/47260b91f283d546c72439ee43e92cd9_
[Wed Dec 27 11:18:50 2023]
Finished job 9.
7 of 17 steps (41%) done
[Wed Dec 27 11:18:50 2023]
Finished job 11.
8 of 17 steps (47%) done
[Wed Dec 27 11:18:50 2023]
Finished job 15.
9 of 17 steps (53%) done
[Wed Dec 27 11:19:49 2023]
Finished job 7.
10 of 17 steps (59%) done
Select jobs to execute...

[Wed Dec 27 11:19:49 2023]
Job 6: 
        Subsets Gencode to protein-coding features and filters mitochondrial
        
Reason: Missing output files: results/gencode/hg19/gencode.hg19_protein_coding.no_chrM.bed; Input files updated by another job: results/gencode/hg19/gencode.hg19.basic.annotation.gtf.parsed.tsv

Activating conda environment: ../../../../../../../../../../../../../home/tubbsca/snakemake_condas/47260b91f283d546c72439ee43e92cd9_
[Wed Dec 27 11:20:03 2023]
Finished job 6.
11 of 17 steps (65%) done
Select jobs to execute...

[Wed Dec 27 11:20:03 2023]
Job 18: 
        Makes transcripts fileset. Prints trasncript name instead of gene in name field.
        
Reason: Missing output files: results/gencode/hg19/gencode.hg19.transcripts.protein_coding.bed; Input files updated by another job: results/gencode/hg19/gencode.hg19_protein_coding.no_chrM.bed


Activating conda environment: ../../../../../../../../../../../../../home/tubbsca/snakemake_condas/47260b91f283d546c72439ee43e92cd9_
[Wed Dec 27 11:20:03 2023]
Job 10: 
        Makes exons
        
Reason: Missing output files: results/gencode/hg19/gencode.hg19.exons.protein_coding.bed; Input files updated by another job: results/gencode/hg19/gencode.hg19_protein_coding.no_chrM.bed

Activating conda environment: ../../../../../../../../../../../../../home/tubbsca/snakemake_condas/47260b91f283d546c72439ee43e92cd9_

[Wed Dec 27 11:20:03 2023]
Job 5: 
        Makes genes
        
Reason: Missing output files: results/gencode/hg19/gencode.hg19.genes.protein_coding.bed; Input files updated by another job: results/gencode/hg19/gencode.hg19_protein_coding.no_chrM.bed

Activating conda environment: ../../../../../../../../../../../../../home/tubbsca/snakemake_condas/47260b91f283d546c72439ee43e92cd9_
[Wed Dec 27 11:20:13 2023]
Finished job 5.
12 of 17 steps (71%) done
Select jobs to execute...

[Wed Dec 27 11:20:13 2023]
Job 16: 
        Makes TSS
        
Reason: Missing output files: results/gencode/hg19/gencode.hg19.tss.protein_coding.bed; Input files updated by another job: resources/gencode/hg19/hg19.fa.sizes, results/gencode/hg19/gencode.hg19.genes.protein_coding.bed

Activating conda environment: ../../../../../../../../../../../../../home/tubbsca/snakemake_condas/47260b91f283d546c72439ee43e92cd9_

[Wed Dec 27 11:20:13 2023]
Job 13: 
        Makes promoters
        
Reason: Missing output files: results/gencode/hg19/gencode.hg19.proms.protein_coding.bed; Input files updated by another job: resources/gencode/hg19/hg19.fa.sizes, results/gencode/hg19/gencode.hg19.genes.protein_coding.bed

Activating conda environment: ../../../../../../../../../../../../../home/tubbsca/snakemake_condas/47260b91f283d546c72439ee43e92cd9_
[Wed Dec 27 11:20:13 2023]
Finished job 18.
13 of 17 steps (76%) done
[Wed Dec 27 11:20:14 2023]
Finished job 10.
14 of 17 steps (82%) done
[Wed Dec 27 11:20:14 2023]
Finished job 16.
15 of 17 steps (88%) done
[Wed Dec 27 11:20:14 2023]
Finished job 13.
16 of 17 steps (94%) done
Select jobs to execute...

[Wed Dec 27 11:20:14 2023]
localrule all:
    input: results/gencode/hg38/gencode.hg38.genes.protein_coding.bed, results/gencode/hg19/gencode.hg19.genes.protein_coding.bed, results/gencode/hg38/gencode.hg38.exons.protein_coding.bed, results/gencode/hg19/gencode.hg19.exons.protein_coding.bed, results/gencode/hg38/gencode.hg38.proms.protein_coding.bed, results/gencode/hg19/gencode.hg19.proms.protein_coding.bed, results/gencode/hg38/gencode.hg38.tss.protein_coding.bed, results/gencode/hg19/gencode.hg19.tss.protein_coding.bed, results/gencode/hg38/gencode.hg38.transcripts.protein_coding.bed, results/gencode/hg19/gencode.hg19.transcripts.protein_coding.bed
    jobid: 0
    reason: Input files updated by another job: results/gencode/hg19/gencode.hg19.exons.protein_coding.bed, results/gencode/hg38/gencode.hg38.exons.protein_coding.bed, results/gencode/hg19/gencode.hg19.proms.protein_coding.bed, results/gencode/hg38/gencode.hg38.genes.protein_coding.bed, results/gencode/hg38/gencode.hg38.proms.protein_coding.bed, results/gencode/hg38/gencode.hg38.transcripts.protein_coding.bed, results/gencode/hg19/gencode.hg19.tss.protein_coding.bed, results/gencode/hg19/gencode.hg19.transcripts.protein_coding.bed, results/gencode/hg38/gencode.hg38.tss.protein_coding.bed, results/gencode/hg19/gencode.hg19.genes.protein_coding.bed
    resources: tmpdir=/tmp

[Wed Dec 27 11:20:14 2023]
Finished job 0.
17 of 17 steps (100%) done
Complete log: .snakemake/log/2023-12-27T111610.172360.snakemake.log
