Building DAG of jobs...
Your conda installation is not configured to use strict channel priorities. This is however crucial for having robust and correct environments (for details, see https://conda-forge.org/docs/user/tipsandtricks.html). Please consider to configure strict priorities by executing 'conda config --set channel_priority strict'.
Using shell: /usr/bin/bash
Provided cores: 16
Rules claiming more threads will be scaled down.
Job stats:
job                     count
--------------------  -------
all                         1
genes_filter_gencode        1
genes_make_exons            1
genes_make_genes            1
genes_make_proms            1
genes_make_tss              1
setup_parse_gencode         1
total                       7

Select jobs to execute...

[Wed Dec 27 09:41:25 2023]
Job 3: 
        Parses gtf formatted raw gencode download. Notes:
        - Formats to BED
        - Strips gene versions
        
Reason: Missing output files: results/gencode/hg38/gencode.hg38.basic.annotation.gtf.parsed.tsv

Activating conda environment: ../../../../../../../../../../../../../home/tubbsca/snakemake_condas/47260b91f283d546c72439ee43e92cd9_
Activating conda environment: ../../../../../../../../../../../../../home/tubbsca/snakemake_condas/47260b91f283d546c72439ee43e92cd9_
[Wed Dec 27 09:43:36 2023]
Finished job 3.
1 of 7 steps (14%) done
Select jobs to execute...

[Wed Dec 27 09:43:36 2023]
Job 2: 
        Subsets Gencode to protein-coding features and filters mitochondrial
        
Reason: Missing output files: results/gencode/hg38/gencode.hg38_protein_coding.no_chrM.bed; Input files updated by another job: results/gencode/hg38/gencode.hg38.basic.annotation.gtf.parsed.tsv

Activating conda environment: ../../../../../../../../../../../../../home/tubbsca/snakemake_condas/47260b91f283d546c72439ee43e92cd9_
[Wed Dec 27 09:43:45 2023]
Finished job 2.
2 of 7 steps (29%) done
Select jobs to execute...

[Wed Dec 27 09:43:45 2023]
Job 1: 
        Makes genes
        
Reason: Missing output files: results/gencode/hg38/gencode.hg38.genes.protein_coding.bed; Input files updated by another job: results/gencode/hg38/gencode.hg38_protein_coding.no_chrM.bed


Activating conda environment: ../../../../../../../../../../../../../home/tubbsca/snakemake_condas/47260b91f283d546c72439ee43e92cd9_
[Wed Dec 27 09:43:45 2023]
Job 5: 
        Makes exons
        
Reason: Missing output files: results/gencode/hg38/gencode.hg38.exons.protein_coding.bed; Input files updated by another job: results/gencode/hg38/gencode.hg38_protein_coding.no_chrM.bed

Activating conda environment: ../../../../../../../../../../../../../home/tubbsca/snakemake_condas/47260b91f283d546c72439ee43e92cd9_
Terminating processes on user request, this might take some time.
[Wed Dec 27 09:43:46 2023]
Error in rule genes_make_exons:
    jobid: 5
    input: results/gencode/hg38/gencode.hg38_protein_coding.no_chrM.bed
    output: results/gencode/hg38/gencode.hg38.exons.protein_coding.bed
    log: workflow/logs/make_exons-hg38.stdout, workflow/logs/make_exons-hg38.stderr (check log file(s) for error details)
    conda-env: /home/tubbsca/snakemake_condas/47260b91f283d546c72439ee43e92cd9_
    shell:
        
        vawk '{ if ($4=="exon") print $1,$2,$3,$8,".",$5,$6}' results/gencode/hg38/gencode.hg38_protein_coding.no_chrM.bed > results/gencode/hg38/gencode.hg38.exons.protein_coding.bed
        
        (one of the commands exited with non-zero exit code; note that snakemake uses bash strict mode!)

[Wed Dec 27 09:43:46 2023]
Error in rule genes_make_genes:
    jobid: 1
    input: results/gencode/hg38/gencode.hg38_protein_coding.no_chrM.bed
    output: results/gencode/hg38/gencode.hg38.genes.protein_coding.bed
    log: workflow/logs/make_genes-hg38.stdout, workflow/logs/make_genes-hg38.stderr (check log file(s) for error details)
    conda-env: /home/tubbsca/snakemake_condas/47260b91f283d546c72439ee43e92cd9_
    shell:
        
        vawk '{ if ($4=="gene") print $1,$2,$3,$8,".",$5,$6}' results/gencode/hg38/gencode.hg38_protein_coding.no_chrM.bed > results/gencode/hg38/gencode.hg38.genes.protein_coding.bed
        
        (one of the commands exited with non-zero exit code; note that snakemake uses bash strict mode!)

Complete log: .snakemake/log/2023-12-27T094114.537559.snakemake.log
