Building DAG of jobs...
Your conda installation is not configured to use strict channel priorities. This is however crucial for having robust and correct environments (for details, see https://conda-forge.org/docs/user/tipsandtricks.html). Please consider to configure strict priorities by executing 'conda config --set channel_priority strict'.
Using shell: /usr/bin/bash
Provided cores: 16
Rules claiming more threads will be scaled down.
Job stats:
job                                count
-------------------------------  -------
all                                    1
genes_filter_gencode                   2
genes_make_exons                       2
genes_make_genes                       2
genes_make_proms                       2
genes_make_transcripts                 2
genes_make_tss                         2
genes_parse_gencode                    2
setup_download_chromesome_sizes        2
setup_download_gencode                 2
total                                 19

Select jobs to execute...

[Wed Dec 27 11:40:52 2023]
Job 4: 
        Downloads gencode basic build based off of input assembly
        
Reason: Missing output files: resources/gencode/hg38/gencode.hg38.basic.annotation.gtf.gz


[Wed Dec 27 11:40:52 2023]
Job 12: 
        Downloads chromosome sizes for BedTools commands
        
Reason: Missing output files: resources/gencode/hg38/hg38.fa.sizes


[Wed Dec 27 11:40:52 2023]
Job 14: 
        Downloads chromosome sizes for BedTools commands
        
Reason: Missing output files: resources/gencode/hg19/hg19.fa.sizes


[Wed Dec 27 11:40:52 2023]
Job 8: 
        Downloads gencode basic build based off of input assembly
        
Reason: Missing output files: resources/gencode/hg19/gencode.hg19.basic.annotation.gtf.gz

[Wed Dec 27 11:40:53 2023]
Finished job 14.
1 of 19 steps (5%) done
[Wed Dec 27 11:40:53 2023]
Finished job 12.
2 of 19 steps (11%) done
[Wed Dec 27 11:41:43 2023]
Finished job 4.
3 of 19 steps (16%) done
Select jobs to execute...

[Wed Dec 27 11:41:43 2023]
Job 3: 
        Parses gtf formatted raw gencode download. Notes:
        - Formats to BED
        - Strips gene versions
        
Reason: Missing output files: results/gencode/hg38/gencode.hg38.basic.annotation.gtf.parsed.tsv; Input files updated by another job: resources/gencode/hg38/gencode.hg38.basic.annotation.gtf.gz

Activating conda environment: ../../../../../../../../../../../../../home/tubbsca/snakemake_condas/47260b91f283d546c72439ee43e92cd9_
Activating conda environment: ../../../../../../../../../../../../../home/tubbsca/snakemake_condas/47260b91f283d546c72439ee43e92cd9_
[Wed Dec 27 11:42:00 2023]
Finished job 8.
4 of 19 steps (21%) done
Select jobs to execute...

[Wed Dec 27 11:42:00 2023]
Job 7: 
        Parses gtf formatted raw gencode download. Notes:
        - Formats to BED
        - Strips gene versions
        
Reason: Missing output files: results/gencode/hg19/gencode.hg19.basic.annotation.gtf.parsed.tsv; Input files updated by another job: resources/gencode/hg19/gencode.hg19.basic.annotation.gtf.gz

Activating conda environment: ../../../../../../../../../../../../../home/tubbsca/snakemake_condas/47260b91f283d546c72439ee43e92cd9_
Activating conda environment: ../../../../../../../../../../../../../home/tubbsca/snakemake_condas/47260b91f283d546c72439ee43e92cd9_
[Wed Dec 27 11:43:51 2023]
Finished job 3.
5 of 19 steps (26%) done
Select jobs to execute...

[Wed Dec 27 11:43:51 2023]
Job 2: 
        Subsets Gencode to protein-coding features and filters mitochondrial
        
Reason: Missing output files: results/gencode/hg38/gencode.hg38_protein_coding.no_chrM.bed; Input files updated by another job: results/gencode/hg38/gencode.hg38.basic.annotation.gtf.parsed.tsv

Activating conda environment: ../../../../../../../../../../../../../home/tubbsca/snakemake_condas/47260b91f283d546c72439ee43e92cd9_
[Wed Dec 27 11:44:05 2023]
Finished job 2.
6 of 19 steps (32%) done
Removing temporary output results/gencode/hg38/gencode.hg38.basic.annotation.gtf.parsed.tsv.
Select jobs to execute...

[Wed Dec 27 11:44:05 2023]
Job 9: 
        Makes exons
        
Reason: Missing output files: results/gencode/hg38/gencode.hg38.exons.protein_coding.bed; Input files updated by another job: results/gencode/hg38/gencode.hg38_protein_coding.no_chrM.bed

Activating conda environment: ../../../../../../../../../../../../../home/tubbsca/snakemake_condas/47260b91f283d546c72439ee43e92cd9_

[Wed Dec 27 11:44:05 2023]
Job 17: 
        Makes transcripts fileset. Prints trasncript name instead of gene in name field.
        
Reason: Missing output files: results/gencode/hg38/gencode.hg38.transcripts.protein_coding.bed; Input files updated by another job: results/gencode/hg38/gencode.hg38_protein_coding.no_chrM.bed


Activating conda environment: ../../../../../../../../../../../../../home/tubbsca/snakemake_condas/47260b91f283d546c72439ee43e92cd9_
[Wed Dec 27 11:44:05 2023]
Job 1: 
        Makes genes
        
Reason: Missing output files: results/gencode/hg38/gencode.hg38.genes.protein_coding.bed; Input files updated by another job: results/gencode/hg38/gencode.hg38_protein_coding.no_chrM.bed

Activating conda environment: ../../../../../../../../../../../../../home/tubbsca/snakemake_condas/47260b91f283d546c72439ee43e92cd9_
[Wed Dec 27 11:44:15 2023]
Finished job 17.
7 of 19 steps (37%) done
[Wed Dec 27 11:44:16 2023]
Finished job 1.
8 of 19 steps (42%) done
Select jobs to execute...

[Wed Dec 27 11:44:16 2023]
Job 11: 
        Makes promoters
        
Reason: Missing output files: results/gencode/hg38/gencode.hg38.proms.protein_coding.bed; Input files updated by another job: resources/gencode/hg38/hg38.fa.sizes, results/gencode/hg38/gencode.hg38.genes.protein_coding.bed

Activating conda environment: ../../../../../../../../../../../../../home/tubbsca/snakemake_condas/47260b91f283d546c72439ee43e92cd9_

[Wed Dec 27 11:44:16 2023]
Job 15: 
        Makes TSS
        
Reason: Missing output files: results/gencode/hg38/gencode.hg38.tss.protein_coding.bed; Input files updated by another job: resources/gencode/hg38/hg38.fa.sizes, results/gencode/hg38/gencode.hg38.genes.protein_coding.bed

Activating conda environment: ../../../../../../../../../../../../../home/tubbsca/snakemake_condas/47260b91f283d546c72439ee43e92cd9_
[Wed Dec 27 11:44:16 2023]
Finished job 9.
9 of 19 steps (47%) done
Removing temporary output results/gencode/hg38/gencode.hg38_protein_coding.no_chrM.bed.
[Wed Dec 27 11:44:17 2023]
Finished job 15.
10 of 19 steps (53%) done
[Wed Dec 27 11:44:17 2023]
Finished job 11.
11 of 19 steps (58%) done
[Wed Dec 27 11:44:20 2023]
Finished job 7.
12 of 19 steps (63%) done
Select jobs to execute...

[Wed Dec 27 11:44:20 2023]
Job 6: 
        Subsets Gencode to protein-coding features and filters mitochondrial
        
Reason: Missing output files: results/gencode/hg19/gencode.hg19_protein_coding.no_chrM.bed; Input files updated by another job: results/gencode/hg19/gencode.hg19.basic.annotation.gtf.parsed.tsv

Activating conda environment: ../../../../../../../../../../../../../home/tubbsca/snakemake_condas/47260b91f283d546c72439ee43e92cd9_
[Wed Dec 27 11:44:34 2023]
Finished job 6.
13 of 19 steps (68%) done
Removing temporary output results/gencode/hg19/gencode.hg19.basic.annotation.gtf.parsed.tsv.
Select jobs to execute...

[Wed Dec 27 11:44:34 2023]
Job 10: 
        Makes exons
        
Reason: Missing output files: results/gencode/hg19/gencode.hg19.exons.protein_coding.bed; Input files updated by another job: results/gencode/hg19/gencode.hg19_protein_coding.no_chrM.bed

Activating conda environment: ../../../../../../../../../../../../../home/tubbsca/snakemake_condas/47260b91f283d546c72439ee43e92cd9_

[Wed Dec 27 11:44:35 2023]
Job 5: 
        Makes genes
        
Reason: Missing output files: results/gencode/hg19/gencode.hg19.genes.protein_coding.bed; Input files updated by another job: results/gencode/hg19/gencode.hg19_protein_coding.no_chrM.bed


[Wed Dec 27 11:44:35 2023]
Activating conda environment: ../../../../../../../../../../../../../home/tubbsca/snakemake_condas/47260b91f283d546c72439ee43e92cd9_
Job 18: 
        Makes transcripts fileset. Prints trasncript name instead of gene in name field.
        
Reason: Missing output files: results/gencode/hg19/gencode.hg19.transcripts.protein_coding.bed; Input files updated by another job: results/gencode/hg19/gencode.hg19_protein_coding.no_chrM.bed

Activating conda environment: ../../../../../../../../../../../../../home/tubbsca/snakemake_condas/47260b91f283d546c72439ee43e92cd9_
[Wed Dec 27 11:44:44 2023]
Finished job 5.
14 of 19 steps (74%) done
Select jobs to execute...

[Wed Dec 27 11:44:44 2023]
Job 13: 
        Makes promoters
        
Reason: Missing output files: results/gencode/hg19/gencode.hg19.proms.protein_coding.bed; Input files updated by another job: results/gencode/hg19/gencode.hg19.genes.protein_coding.bed, resources/gencode/hg19/hg19.fa.sizes


Activating conda environment: ../../../../../../../../../../../../../home/tubbsca/snakemake_condas/47260b91f283d546c72439ee43e92cd9_
[Wed Dec 27 11:44:44 2023]
Job 16: 
        Makes TSS
        
Reason: Missing output files: results/gencode/hg19/gencode.hg19.tss.protein_coding.bed; Input files updated by another job: results/gencode/hg19/gencode.hg19.genes.protein_coding.bed, resources/gencode/hg19/hg19.fa.sizes

Activating conda environment: ../../../../../../../../../../../../../home/tubbsca/snakemake_condas/47260b91f283d546c72439ee43e92cd9_
[Wed Dec 27 11:44:45 2023]
Finished job 18.
15 of 19 steps (79%) done
[Wed Dec 27 11:44:46 2023]
Finished job 10.
16 of 19 steps (84%) done
Removing temporary output results/gencode/hg19/gencode.hg19_protein_coding.no_chrM.bed.
[Wed Dec 27 11:44:46 2023]
Finished job 13.
17 of 19 steps (89%) done
[Wed Dec 27 11:44:46 2023]
Finished job 16.
18 of 19 steps (95%) done
Select jobs to execute...

[Wed Dec 27 11:44:46 2023]
localrule all:
    input: results/gencode/hg38/gencode.hg38.genes.protein_coding.bed, results/gencode/hg19/gencode.hg19.genes.protein_coding.bed, results/gencode/hg38/gencode.hg38.exons.protein_coding.bed, results/gencode/hg19/gencode.hg19.exons.protein_coding.bed, results/gencode/hg38/gencode.hg38.proms.protein_coding.bed, results/gencode/hg19/gencode.hg19.proms.protein_coding.bed, results/gencode/hg38/gencode.hg38.tss.protein_coding.bed, results/gencode/hg19/gencode.hg19.tss.protein_coding.bed, results/gencode/hg38/gencode.hg38.transcripts.protein_coding.bed, results/gencode/hg19/gencode.hg19.transcripts.protein_coding.bed
    jobid: 0
    reason: Input files updated by another job: results/gencode/hg38/gencode.hg38.transcripts.protein_coding.bed, results/gencode/hg38/gencode.hg38.exons.protein_coding.bed, results/gencode/hg38/gencode.hg38.genes.protein_coding.bed, results/gencode/hg19/gencode.hg19.exons.protein_coding.bed, results/gencode/hg19/gencode.hg19.genes.protein_coding.bed, results/gencode/hg19/gencode.hg19.proms.protein_coding.bed, results/gencode/hg19/gencode.hg19.transcripts.protein_coding.bed, results/gencode/hg38/gencode.hg38.tss.protein_coding.bed, results/gencode/hg19/gencode.hg19.tss.protein_coding.bed, results/gencode/hg38/gencode.hg38.proms.protein_coding.bed
    resources: tmpdir=/tmp

[Wed Dec 27 11:44:46 2023]
Finished job 0.
19 of 19 steps (100%) done
Complete log: .snakemake/log/2023-12-27T114042.741763.snakemake.log
